[2026-07-21 15:24:43.452852] PROMPT: i want every employee name who were absent on 2026-07-19
[2026-07-21 15:24:43.452874] SQL GENERATED: SELECT e.full_name FROM employees e JOIN daily_attendance da ON e.id = da.employee_id WHERE da.date = '2026-07-19' AND da.status = 'Absent'
[2026-07-21 15:24:43.455966] SQL EXCEPTION: 'RMKeyView' object is not subscriptable
[2026-07-21 15:27:51.535781] PROMPT: i want every employee name who were absent on 2026-07-19
[2026-07-21 15:27:51.535801] SQL GENERATED: SELECT e.full_name 
FROM employees e 
JOIN daily_attendance da ON e.id = da.employee_id 
WHERE da.date = '2026-07-19' AND da.status = 'Absent';
[2026-07-21 15:27:51.539030] SQL RESULTS LENGTH: 1988
[2026-07-21 15:29:54.126138] PROMPT: i want every employee name who were absent on 2026-07-19
[2026-07-21 15:29:54.128872] SQL GENERATED: SELECT e.full_name FROM employees e JOIN daily_attendance da ON e.id = da.employee_id WHERE da.date = '2026-07-19' AND da.status = 'Absent'
[2026-07-21 15:29:54.211430] SQL RESULTS LENGTH: 1988
[2026-07-21 15:53:06.369336] PROMPT: yes i want to know all employee who were absent today
[2026-07-21 15:53:06.369363] SQL GENERATED: SELECT e.full_name, da.status FROM employees e JOIN daily_attendance da ON e.id = da.employee_id WHERE da.date = '2026-07-21' AND da.status = 'Absent'
[2026-07-21 15:53:06.375181] SQL RESULTS LENGTH: 16
[2026-07-21 15:53:38.472540] PROMPT: okay then tell me the summary of day 2026-07-19
[2026-07-21 15:53:38.472560] SQL GENERATED: SELECT COUNT(CASE WHEN da.status = 'Absent' THEN e.id END) AS absent_count, 
COUNT(CASE WHEN da.status = 'Present' THEN e.id END) AS present_count, 
COUNT(CASE WHEN da.status = 'Late' THEN e.id END) AS late_count, 
SUM(da.working_hours) AS total_worked_hours, COUNT(e.id) AS total_employees
FROM employees e JOIN daily_attendance da ON e.id = da.employee_id WHERE da.date = '2026-07-19';
[2026-07-21 15:53:38.479597] SQL RESULTS LENGTH: 144
[2026-07-21 15:54:16.923184] PROMPT: tell me who were absent , who were late and who did overtime on that day
[2026-07-21 15:54:16.923207] SQL GENERATED: SELECT e.full_name, da.status 
FROM employees e JOIN daily_attendance da ON e.id = da.employee_id 
WHERE (da.date = '2026-07-21' AND da.status = 'Absent') 
OR (da.date = '2026-07-21' AND time(da.check_in) > '09:00:00' AND da.status != 'Absent') 
OR (da.date = '2026-07-21' AND da.working_hours > 8);
[2026-07-21 15:54:16.927090] SQL RESULTS LENGTH: 16
[2026-07-21 15:54:46.504096] PROMPT: tell me who were absent , who were late and who did overtime on 2026-07-19
[2026-07-21 15:54:46.504115] SQL GENERATED: SELECT e.full_name, da.status 
FROM employees e JOIN daily_attendance da ON e.id = da.employee_id 
WHERE da.date = '2026-07-19' AND (da.status = 'Absent' OR time(da.check_in) > '10:15:00' OR da.working_hours > 8)
[2026-07-21 15:54:46.507337] SQL RESULTS LENGTH: 3089
[2026-07-21 15:55:31.885598] PROMPT: give me name of every employee that were absent on 19 july
[2026-07-21 15:55:31.885617] SQL GENERATED: SELECT e.full_name FROM employees e JOIN daily_attendance da ON e.id = da.employee_id WHERE da.date = '2026-07-19' AND da.status = 'Absent'
[2026-07-21 15:55:31.886889] SQL RESULTS LENGTH: 2013
[2026-07-21 16:02:59.805245] PROMPT: okay then tell me the name of employees who were late on 2026-07-19
[2026-07-21 16:02:59.805268] SQL GENERATED: SELECT e.full_name, da.status FROM employees e JOIN daily_attendance da ON e.id = da.employee_id WHERE da.date = '2026-07-19' AND da.check_in > '10:00:00'
[2026-07-21 16:02:59.814287] SQL RESULTS LENGTH: 605
[2026-07-21 16:09:59.750200] PROMPT: okay then tell me the name of employees who were late on 2026-07-19
[2026-07-21 16:09:59.750313] SQL GENERATED: SELECT e.full_name, da.status FROM employees e JOIN daily_attendance da ON e.id = da.employee_id WHERE da.date = '2026-07-19' AND da.check_in > date('2026-07-19', '12:00:00')
[2026-07-21 16:09:59.754285] SQL RESULTS LENGTH: 605
[2026-07-21 16:11:35.009575] PROMPT: who has perfect attendance?
[2026-07-21 16:11:35.009596] SQL GENERATED: SELECT e.full_name, da.status FROM employees e JOIN daily_attendance da ON e.id = da.employee_id WHERE da.date = '2026-07-21' AND da.status = 'Present'
[2026-07-21 16:11:35.013932] SQL RESULTS LENGTH: 16
[2026-07-21 16:11:59.164033] PROMPT: what tables are in the database?
[2026-07-21 16:11:59.164069] SQL GENERATED: SELECT name FROM sqlite_master WHERE type='table';
[2026-07-21 16:11:59.165919] SQL RESULTS LENGTH: 176
[2026-07-21 16:12:21.316223] PROMPT: show the first 5 records in the Daily Attendance table
[2026-07-21 16:12:21.316244] SQL GENERATED: SELECT * FROM daily_attendance ORDER BY id LIMIT 5
[2026-07-21 16:12:21.317950] SQL RESULTS LENGTH: 702
[2026-07-21 16:13:04.981034] PROMPT: what is the status column value for Employee 3 in the Daily Attendance table for 2026-07-19?
[2026-07-21 16:13:04.981057] SQL GENERATED: SELECT da.status FROM daily_attendance da JOIN employees e ON da.employee_id = e.id WHERE da.date = '2026-07-19' AND da.employee_id = 3
[2026-07-21 16:13:04.982909] SQL RESULTS LENGTH: 50
[2026-07-21 16:13:33.024949] PROMPT: What are the column names (schema) of the Daily Attendance table?
[2026-07-21 16:13:33.024976] SQL GENERATED: SELECT id, employee_id, date, check_in, check_out, working_hours, status FROM daily_attendance
[2026-07-21 16:13:33.121225] SQL RESULTS LENGTH: 494921
[2026-07-21 16:14:03.547471] PROMPT: What SQL query did you run for 'okay then tell me the name of employees who were late on 2026-07-19'?
[2026-07-21 16:14:03.547488] SQL GENERATED: SELECT e.full_name, da.status FROM employees e JOIN daily_attendance da ON e.id = da.employee_id WHERE da.date = '2026-07-19' AND da.check_in > da.check_out
[2026-07-21 16:14:03.551405] SQL RESULTS LENGTH: 16
[2026-07-21 16:14:25.390290] PROMPT: write a sqlite query to find the name of employees who were late on 2026-07-19
[2026-07-21 16:14:25.390311] SQL GENERATED: SELECT e.full_name, da.status FROM employees e JOIN daily_attendance da ON e.id = da.employee_id WHERE da.date = '2026-07-19' AND da.check_in > date('now', '-1 day')
[2026-07-21 16:14:25.392560] SQL RESULTS LENGTH: 16
[2026-07-21 16:14:50.244988] PROMPT: how many total records are there in the Daily Attendance table for 2026-07-19?
[2026-07-21 16:14:50.245022] SQL GENERATED: SELECT COUNT(id) FROM daily_attendance WHERE date = '2026-07-19'
[2026-07-21 16:14:50.250457] SQL RESULTS LENGTH: 48
[2026-07-21 16:15:11.849248] PROMPT: how many employees are marked as Late on 2026-07-19 in the Daily Attendance table?
[2026-07-21 16:15:11.849271] SQL GENERATED: SELECT COUNT(e.id) 
FROM employees e JOIN daily_attendance da ON e.id = da.employee_id 
WHERE da.date = '2026-07-19' AND da.status = 'Late';
[2026-07-21 16:15:11.851041] SQL RESULTS LENGTH: 49
[2026-07-21 16:15:42.184385] PROMPT: For Employee 3 on 2026-07-19, list all column values from the Daily Attendance table (including status, working_hours, check_in, check_out).
[2026-07-21 16:15:42.184411] SQL GENERATED: SELECT da.status, da.working_hours, da.check_in, da.check_out FROM daily_attendance da JOIN employees e ON da.employee_id = e.id WHERE da.date = '2026-07-19' AND da.employee_id = 3
[2026-07-21 16:15:42.186495] SQL RESULTS LENGTH: 125
[2026-07-21 16:16:11.358717] PROMPT: For Employee 3 on 2026-07-19, list all records in the Attendance Logs table.
[2026-07-21 16:16:11.358732] SQL GENERATED: SELECT * FROM daily_attendance da JOIN employees e ON da.employee_id = e.id WHERE da.date = '2026-07-19' AND da.employee_id = 3
[2026-07-21 16:16:11.359658] SQL RESULTS LENGTH: 321
[2026-07-21 16:16:40.245548] PROMPT: What are the column names (schema) of the Attendance Logs table?
[2026-07-21 16:16:40.245577] SQL GENERATED: SELECT COUNT(e.id) FROM employees e JOIN daily_attendance da ON e.id = da.employee_id WHERE da.date = date('2026-07-21') AND da.status = 'Absent'
[2026-07-21 16:16:40.247299] SQL RESULTS LENGTH: 49
[2026-07-21 16:16:59.292927] PROMPT: What are the columns of the table named attendance_logs?
[2026-07-21 16:16:59.292948] SQL GENERATED: SELECT * FROM sqlite_master WHERE type='table' AND name='attendance_logs';
[2026-07-21 16:16:59.294870] SQL RESULTS LENGTH: 282
[2026-07-21 16:17:35.261938] PROMPT: What are the column names (schema) of the Employees table?
[2026-07-21 16:17:35.261981] SQL GENERATED: SELECT id, machine_user_id, full_name, department, designation, status FROM employees
[2026-07-21 16:17:35.265249] SQL RESULTS LENGTH: 7081
[2026-07-21 16:18:05.023408] PROMPT: For Employee 3 on 2026-07-19, what is the employee's name, department, designation, and status in the Employees table?
[2026-07-21 16:18:05.023431] SQL GENERATED: SELECT e.full_name, e.department, e.designation, e.status FROM employees e WHERE e.id = 3;
[2026-07-21 16:18:05.025138] SQL RESULTS LENGTH: 131
[2026-07-21 16:21:35.849120] PROMPT: How do you determine if an employee is late? Do you calculate it from shift times or check the database?
[2026-07-21 16:21:35.849143] SQL GENERATED: SELECT COUNT(e.id) FROM employees e JOIN daily_attendance da ON e.id = da.employee_id WHERE da.date = date('2026-07-21', '-1 day') AND da.check_in > da.check_out
[2026-07-21 16:21:35.851040] SQL RESULTS LENGTH: 49
[2026-07-21 16:22:10.162046] PROMPT: Where are shift start times and end times defined in the database? List all tables in the database.
[2026-07-21 16:22:10.162072] SQL GENERATED: SELECT e.machine_user_id, da.check_in AS start_time, da.check_out AS end_time FROM employees e JOIN daily_attendance da ON e.id = da.employee_id WHERE da.date = '2026-07-21'
[2026-07-21 16:22:10.164601] SQL RESULTS LENGTH: 16
[2026-07-21 16:23:46.381729] PROMPT: List all the employees who were late on 2026-07-19.
[2026-07-21 16:23:46.381757] SQL GENERATED: SELECT e.full_name, da.status FROM employees e JOIN daily_attendance da ON e.id = da.employee_id WHERE da.date = '2026-07-19' AND time(da.check_in) > '10:00:00'
[2026-07-21 16:23:46.384391] SQL RESULTS LENGTH: 156
[2026-07-21 16:24:18.613347] PROMPT: What are the notes on the employee records for 2026-07-19?
[2026-07-21 16:24:18.613365] SQL GENERATED: SELECT e.full_name, da.status FROM employees e JOIN daily_attendance da ON e.id = da.employee_id WHERE da.date = '2026-07-19' AND da.status = 'Absent'
[2026-07-21 16:24:18.615224] SQL RESULTS LENGTH: 2701
[2026-07-21 16:33:20.991437] PROMPT: Who was late on 2026-07-19?
[2026-07-21 16:33:20.991462] SQL GENERATED: SELECT e.full_name, da.status FROM employees e JOIN daily_attendance da ON e.id = da.employee_id WHERE da.date = '2026-07-19' AND da.is_late = 1
[2026-07-21 16:33:20.993216] SQL RESULTS LENGTH: 87
[2026-07-21 16:39:23.194463] PROMPT: Who was late on 2026-07-19
[2026-07-21 16:39:23.194495] SQL GENERATED: SELECT e.full_name, da.check_in 
FROM employees e JOIN daily_attendance da ON e.id = da.employee_id 
WHERE da.date = '2026-07-19' AND da.is_late = 1
[2026-07-21 16:39:23.197214] SQL RESULTS LENGTH: 108
[2026-07-21 16:39:36.099474] PROMPT: Who was absent on 2026-07-19?
[2026-07-21 16:39:36.099493] SQL GENERATED: SELECT e.full_name FROM employees e JOIN daily_attendance da ON e.id = da.employee_id WHERE da.date = '2026-07-19' AND da.status = 'Absent'
[2026-07-21 16:39:36.100646] SQL RESULTS LENGTH: 2013
[2026-07-21 16:42:30.701843] PROMPT: Who was absent on 2026-07-19?"
[2026-07-21 16:42:30.701867] SQL GENERATED: SELECT e.full_name 
FROM employees e JOIN daily_attendance da ON e.id = da.employee_id 
WHERE da.date = '2026-07-19' AND da.status = 'Absent'
[2026-07-21 16:42:30.703795] SQL RESULTS LENGTH: 1250
[2026-07-21 16:45:15.294891] PROMPT: Who was absent on 2026-07-19?
[2026-07-21 16:45:15.294908] INTENT: Absent employees on 2026-07-19
[2026-07-21 16:45:15.294914] SQL: SELECT e.full_name FROM employees e JOIN daily_attendance da ON e.id = da.employee_id WHERE da.date = '2026-07-19' AND da.status = 'Absent' ORDER BY e.full_name
[2026-07-21 16:45:15.297550] RESULTS LENGTH: 1259
[2026-07-21 16:48:06.839647] PROMPT: Who was absent on 2026-07-19? *(Analyzing database for your query...)*  Let me check who was absent on that day.  Here is the list of employees who were absent:  1. AI Alert Test 2. Employee 15 (Missing Checkout) 3. Employee 35 (Missing Checkout) 4. Employee 40 (Missing Checkout) 5. Employee 43 (Missing Checkout) 6. Employee 42 (Frequent Absentee) 7. Employee 46 (Frequent Absentee) 8. Employee 47 (Frequent Absentee) 9. Saurav Kunwar
[2026-07-21 16:48:06.839672] INTENT: Absent employees on 2026-07-19
[2026-07-21 16:48:06.839680] SQL: SELECT e.full_name FROM employees e JOIN daily_attendance da ON e.id = da.employee_id WHERE da.date = '2026-07-19' AND da.status = 'Absent' ORDER BY e.full_name
[2026-07-21 16:48:06.841334] RESULTS LENGTH: 1259
[2026-07-21 16:48:40.876979] PROMPT: i want to know who we late to their work today, today in mean july 21
[2026-07-21 16:48:40.877000] INTENT: Late employees on 2026-07-21
[2026-07-21 16:48:40.877007] SQL: SELECT e.full_name, time(da.check_in) as check_in_time FROM employees e JOIN daily_attendance da ON e.id = da.employee_id WHERE da.date = '2026-07-21' AND da.is_late = 1 ORDER BY e.full_name
[2026-07-21 16:48:40.879866] RESULTS LENGTH: 47
[2026-07-21 16:49:00.723910] PROMPT: tell me the summary of this month's productivity 
[2026-07-21 16:49:00.723928] INTENT: Attendance summary for 2026-07-21
[2026-07-21 16:49:00.723933] SQL: SELECT
                        SUM(CASE WHEN da.status='Present' THEN 1 ELSE 0 END) as present_count,
                        SUM(CASE WHEN da.status='Absent' THEN 1 ELSE 0 END) as absent_count,
                        SUM(CASE WHEN da.is_late=1 THEN 1 ELSE 0 END) as late_count,
                        SUM(CASE WHEN da.working_hours > 8 THEN 1 ELSE 0 END) as overtime_count,
                        round(SUM(da.working_hours), 2) as total_hours
                    FROM daily_attendance da WHERE da.date = '2026-07-21'
[2026-07-21 16:49:00.725871] RESULTS LENGTH: 51
[2026-07-21 17:13:28.401067] PROMPT: who was absent on 2026-07-19?
[2026-07-21 17:13:28.401094] INTENT: Absent employees on 2026-07-19 | MODE: list
[2026-07-21 17:13:28.401104] SQL: SELECT e.full_name FROM employees e JOIN daily_attendance da ON e.id = da.employee_id WHERE da.date = '2026-07-19' AND da.status = 'Absent' ORDER BY e.full_name
[2026-07-21 17:13:28.409005] RESULTS LENGTH: 1259
[2026-07-21 17:13:42.575882] PROMPT: give me a summary of this month
[2026-07-21 17:13:42.575898] INTENT: Attendance summary for July 2026 | MODE: summary
[2026-07-21 17:13:42.575902] SQL: SELECT COUNT(DISTINCT da.date) as working_days, COUNT(DISTINCT e.id) as total_employees, SUM(CASE WHEN da.status='Present' THEN 1 ELSE 0 END) as total_present_records, SUM(CASE WHEN da.status='Absent' THEN 1 ELSE 0 END) as total_absent_records, SUM(CASE WHEN da.is_late=1 THEN 1 ELSE 0 END) as total_late_records, SUM(CASE WHEN da.working_hours > 8 THEN 1 ELSE 0 END) as total_overtime_records, round(SUM(da.working_hours), 2) as total_hours_worked FROM employees e JOIN daily_attendance da ON e.id = da.employee_id WHERE da.date BETWEEN '2026-07-01' AND '2026-07-21'
[2026-07-21 17:13:42.586523] RESULTS LENGTH: 225
[2026-07-21 17:14:11.539763] PROMPT: give me details of the best employee for this month
[2026-07-21 17:14:11.539777] INTENT: Full attendance for 2026-07-21 | MODE: list
[2026-07-21 17:14:11.539781] SQL: SELECT e.full_name, da.status, da.is_late, time(da.check_in) as check_in_time FROM employees e JOIN daily_attendance da ON e.id = da.employee_id WHERE da.date = '2026-07-21' ORDER BY da.status, e.full_name
[2026-07-21 17:14:11.540787] RESULTS LENGTH: 49
[2026-07-21 17:17:40.293865] PROMPT: Who are the frequent absentees?
[2026-07-21 17:17:40.293886] INTENT: Absent employees on 2026-07-21 | MODE: list
[2026-07-21 17:17:40.293893] SQL: SELECT e.full_name FROM employees e JOIN daily_attendance da ON e.id = da.employee_id WHERE da.date = '2026-07-21' AND da.status = 'Absent' ORDER BY e.full_name
[2026-07-21 17:17:40.295528] RESULTS LENGTH: 49
[2026-07-21 17:17:56.842777] PROMPT: Who did overtime this week?
[2026-07-21 17:17:56.842793] INTENT: Overtime employees in this week (2026-07-20 to 2026-07-21) | MODE: list
[2026-07-21 17:17:56.842798] SQL: SELECT e.full_name, round(SUM(da.working_hours) - COUNT(*)*8, 2) as overtime_hours FROM employees e JOIN daily_attendance da ON e.id = da.employee_id WHERE da.date BETWEEN '2026-07-20' AND '2026-07-21' AND da.working_hours > 8 GROUP BY e.id ORDER BY overtime_hours DESC
[2026-07-21 17:17:56.844207] RESULTS LENGTH: 77
[2026-07-21 17:18:17.187125] PROMPT: What time did Saurav check in today?
[2026-07-21 17:18:17.187140] INTENT: Check-in/out for 'saurav' on 2026-07-21 | MODE: list
[2026-07-21 17:18:17.187144] SQL: SELECT e.full_name, time(da.check_in) as check_in_time, time(da.check_out) as check_out_time, da.status FROM employees e JOIN daily_attendance da ON e.id = da.employee_id WHERE e.full_name LIKE '%saurav%' AND da.date = '2026-07-21'
[2026-07-21 17:18:17.188305] RESULTS LENGTH: 58
[2026-07-21 17:19:13.882374] PROMPT: What time did the employee name Saurav check in on 19th july?
[2026-07-21 17:19:13.882391] INTENT: Check-in/out for 'the employee name saurav' on 2026-07-21 | MODE: list
[2026-07-21 17:19:13.882396] SQL: SELECT e.full_name, time(da.check_in) as check_in_time, time(da.check_out) as check_out_time, da.status FROM employees e JOIN daily_attendance da ON e.id = da.employee_id WHERE e.full_name LIKE '%the employee name saurav%' AND da.date = '2026-07-21'
[2026-07-21 17:19:13.883799] RESULTS LENGTH: 76
[2026-07-21 17:19:49.188389] PROMPT: What time did the employee name employee 3 check in on 19th july?
[2026-07-21 17:19:49.188405] INTENT: Full attendance for 2026-07-21 | MODE: list
[2026-07-21 17:19:49.188409] SQL: SELECT e.full_name, da.status, da.is_late, time(da.check_in) as check_in_time FROM employees e JOIN daily_attendance da ON e.id = da.employee_id WHERE da.date = '2026-07-21' ORDER BY da.status, e.full_name
[2026-07-21 17:19:49.189459] RESULTS LENGTH: 49
[2026-07-21 17:20:10.273943] PROMPT: give every info about that Employee 3
[2026-07-21 17:20:10.273962] INTENT: Full attendance for 2026-07-21 | MODE: list
[2026-07-21 17:20:10.273966] SQL: SELECT e.full_name, da.status, da.is_late, time(da.check_in) as check_in_time FROM employees e JOIN daily_attendance da ON e.id = da.employee_id WHERE da.date = '2026-07-21' ORDER BY da.status, e.full_name
[2026-07-21 17:20:10.275116] RESULTS LENGTH: 49
[2026-07-21 17:20:35.535844] PROMPT: give every info about Employee 3 (Night Shift)
[2026-07-21 17:20:35.535859] INTENT: Full attendance for 2026-07-21 | MODE: list
[2026-07-21 17:20:35.535863] SQL: SELECT e.full_name, da.status, da.is_late, time(da.check_in) as check_in_time FROM employees e JOIN daily_attendance da ON e.id = da.employee_id WHERE da.date = '2026-07-21' ORDER BY da.status, e.full_name
[2026-07-21 17:20:35.536861] RESULTS LENGTH: 49
[2026-07-21 17:20:56.772208] PROMPT: i want his information .. what title what role who is he everything
[2026-07-21 17:20:56.772221] INTENT: Full attendance for 2026-07-21 | MODE: list
[2026-07-21 17:20:56.772225] SQL: SELECT e.full_name, da.status, da.is_late, time(da.check_in) as check_in_time FROM employees e JOIN daily_attendance da ON e.id = da.employee_id WHERE da.date = '2026-07-21' ORDER BY da.status, e.full_name
[2026-07-21 17:20:56.773126] RESULTS LENGTH: 49
